<?xml version="1.0" encoding="UTF-8"?>
<!-- Generated by org.testng.reporters.JUnitXMLReporter -->
<testsuite ignored="13" hostname="DESKTOP-9DH3JAO" failures="0" tests="10" name="Default test" time="96.538" errors="0" timestamp="2023-02-16T17:57:52 IST">
  <testcase classname="com.tutorialsninja.qa.testCases.TestLogin" name="verify_login_MultipleTime_Unsuccessful_attempt" time="2.13"/>
  <testcase classname="com.tutorialsninja.qa.testCases.TestLogin" name="verify_login_MultipleTime_Unsuccessful_attempt" time="1.668"/>
  <testcase classname="com.tutorialsninja.qa.testCases.TestLogin" name="verify_login_MultipleTime_Unsuccessful_attempt" time="2.882"/>
  <testcase classname="com.tutorialsninja.qa.testCases.TestLogin" name="verify_login_MultipleTime_Unsuccessful_attempt" time="3.116"/>
  <testcase classname="com.tutorialsninja.qa.testCases.TestLogin" name="verify_login_MultipleTime_Unsuccessful_attempt" time="1.693"/>
  <testcase classname="com.tutorialsninja.qa.testCases.TestLogin" name="verify_login_MultipleTime_Unsuccessful_attempt" time="4.306"/>
  <testcase classname="com.tutorialsninja.qa.testCases.TestLogin" name="verify_login_MultipleTime_Unsuccessful_attempt" time="2.711"/>
  <testcase classname="com.tutorialsninja.qa.testCases.TestLogin" name="verify_login_MultipleTime_Unsuccessful_attempt" time="2.57"/>
  <testcase classname="com.tutorialsninja.qa.testCases.TestLogin" name="verify_login_MultipleTime_Unsuccessful_attempt" time="1.881"/>
  <testcase classname="com.tutorialsninja.qa.testCases.TestLogin" name="verify_login_MultipleTime_Unsuccessful_attempt" time="1.965"/>
  <testcase classname="com.tutorialsninja.qa.testCases.TestLogin" name="verify_login_With_Valid_Credential_BrowserBack" time="0.0">
    <ignored/>
  </testcase> <!-- verify_login_With_Valid_Credential_BrowserBack -->
  <testcase classname="com.tutorialsninja.qa.testCases.TestLogin" name="verify_login_Copying_TEXT_PasswordFiled" time="0.0">
    <ignored/>
  </testcase> <!-- verify_login_Copying_TEXT_PasswordFiled -->
  <testcase classname="com.tutorialsninja.qa.testCases.TestLogin" name="verify_login_Without_Credentials" time="0.0">
    <ignored/>
  </testcase> <!-- verify_login_Without_Credentials -->
  <testcase classname="com.tutorialsninja.qa.testCases.TestLogin" name="verify_login_With_Valid_userName_invalid_password" time="0.0">
    <ignored/>
  </testcase> <!-- verify_login_With_Valid_userName_invalid_password -->
  <testcase classname="com.tutorialsninja.qa.testCases.TestLogin" name="verify_login_after_Changing_Password" time="0.0">
    <ignored/>
  </testcase> <!-- verify_login_after_Changing_Password -->
  <testcase classname="com.tutorialsninja.qa.testCases.TestLogin" name="verify_login_With_Valid_password_invalid_userName" time="0.0">
    <ignored/>
  </testcase> <!-- verify_login_With_Valid_password_invalid_userName -->
  <testcase classname="com.tutorialsninja.qa.testCases.TestLogin" name="verify_login_after_Changing_Password_and_Changing_toOriginal_password" time="0.0">
    <ignored/>
  </testcase> <!-- verify_login_after_Changing_Password_and_Changing_toOriginal_password -->
  <testcase classname="com.tutorialsninja.qa.testCases.TestLogin" name="verify_login_Forgetten_Password" time="0.0">
    <ignored/>
  </testcase> <!-- verify_login_Forgetten_Password -->
  <testcase classname="com.tutorialsninja.qa.testCases.TestLogin" name="verify_login_With_InValid_Credential" time="0.0">
    <ignored/>
  </testcase> <!-- verify_login_With_InValid_Credential -->
  <testcase classname="com.tutorialsninja.qa.testCases.TestLogin" name="verify_login_able_to_navigate_to_otherPages" time="0.0">
    <ignored/>
  </testcase> <!-- verify_login_able_to_navigate_to_otherPages -->
  <testcase classname="com.tutorialsninja.qa.testCases.TestLogin" name="verify_login_afterLogin_browserBack" time="0.0">
    <ignored/>
  </testcase> <!-- verify_login_afterLogin_browserBack -->
  <testcase classname="com.tutorialsninja.qa.testCases.TestLogin" name="verify_login_Code_In_SourceCode_PasswordFiled" time="0.0">
    <ignored/>
  </testcase> <!-- verify_login_Code_In_SourceCode_PasswordFiled -->
  <testcase classname="com.tutorialsninja.qa.testCases.TestLogin" name="verify_login_With_Valid_Credential" time="0.0">
    <ignored/>
  </testcase> <!-- verify_login_With_Valid_Credential -->
</testsuite> <!-- Default test -->
