<?xml version="1.0" encoding="UTF-8"?>
<!-- Generated by org.testng.reporters.JUnitXMLReporter -->
<testsuite ignored="36" hostname="DESKTOP-9DH3JAO" failures="0" tests="0" name="smoke Test cases" time="1.112" errors="0" timestamp="2023-02-19T23:55:20 IST">
  <testcase classname="com.tutorialsninja.qa.testCases.TestForgetPassword" name="verify_forgetPassword_Without_providing_EmailAddress" time="0.0">
    <ignored/>
  </testcase> <!-- verify_forgetPassword_Without_providing_EmailAddress -->
  <testcase classname="com.tutorialsninja.qa.testCases.TestRegister" name="verify_Registering_By_Invalid_Email" time="0.0">
    <ignored/>
  </testcase> <!-- verify_Registering_By_Invalid_Email -->
  <testcase classname="com.tutorialsninja.qa.testCases.TestLogout" name="verify_Logout_Option_NotDisplayed_BeforeLogin_UnderRight_Column" time="0.0">
    <ignored/>
  </testcase> <!-- verify_Logout_Option_NotDisplayed_BeforeLogin_UnderRight_Column -->
  <testcase classname="com.tutorialsninja.qa.testCases.TestLogout" name="verify_Logout_By_LoggingOut_From_MyAccount_Dropdown" time="0.0">
    <ignored/>
  </testcase> <!-- verify_Logout_By_LoggingOut_From_MyAccount_Dropdown -->
  <testcase classname="com.tutorialsninja.qa.testCases.TestLogin" name="verify_login_Copying_TEXT_PasswordFiled" time="0.0">
    <ignored/>
  </testcase> <!-- verify_login_Copying_TEXT_PasswordFiled -->
  <testcase classname="com.tutorialsninja.qa.testCases.TestForgetPassword" name="verify_forgetPassword_Withoutout_reset_but_IntitiateProcess" time="0.0">
    <ignored/>
  </testcase> <!-- verify_forgetPassword_Withoutout_reset_but_IntitiateProcess -->
  <testcase classname="com.tutorialsninja.qa.testCases.TestRegister" name="verify_Registering_BY_Providing_All_Fileds" time="0.0">
    <ignored/>
  </testcase> <!-- verify_Registering_BY_Providing_All_Fileds -->
  <testcase classname="com.tutorialsninja.qa.testCases.TestRegister" name="verify_Registering_PrivacyPolicy_isSelected" time="0.0">
    <ignored/>
  </testcase> <!-- verify_Registering_PrivacyPolicy_isSelected -->
  <testcase classname="com.tutorialsninja.qa.testCases.TestRegister" name="verify_Registering_Spaces_Trimmed" time="0.0">
    <ignored/>
  </testcase> <!-- verify_Registering_Spaces_Trimmed -->
  <testcase classname="com.tutorialsninja.qa.testCases.TestLogin" name="verify_login_With_Valid_password_invalid_userName" time="0.0">
    <ignored/>
  </testcase> <!-- verify_login_With_Valid_password_invalid_userName -->
  <testcase classname="com.tutorialsninja.qa.testCases.TestRegister" name="verify_Registering_By_Invalid_Phone" time="0.0">
    <ignored/>
  </testcase> <!-- verify_Registering_By_Invalid_Phone -->
  <testcase classname="com.tutorialsninja.qa.testCases.TestLogin" name="verify_login_Forgetten_Password" time="0.0">
    <ignored/>
  </testcase> <!-- verify_login_Forgetten_Password -->
  <testcase classname="com.tutorialsninja.qa.testCases.TestLogin" name="verify_login_MultipleTime_Unsuccessful_attempt" time="0.0">
    <ignored/>
  </testcase> <!-- verify_login_MultipleTime_Unsuccessful_attempt -->
  <testcase classname="com.tutorialsninja.qa.testCases.TestRegister" name="verify_Registering_Complexity_Password" time="0.0">
    <ignored/>
  </testcase> <!-- verify_Registering_Complexity_Password -->
  <testcase classname="com.tutorialsninja.qa.testCases.TestLogin" name="verify_login_Code_In_SourceCode_PasswordFiled" time="0.0">
    <ignored/>
  </testcase> <!-- verify_login_Code_In_SourceCode_PasswordFiled -->
  <testcase classname="com.tutorialsninja.qa.testCases.TestRegister" name="verify_Registering_PrivacyPolicy_Without_Selecting" time="0.0">
    <ignored/>
  </testcase> <!-- verify_Registering_PrivacyPolicy_Without_Selecting -->
  <testcase classname="com.tutorialsninja.qa.testCases.TestRegister" name="verify_Registering_With_Space_Field" time="0.0">
    <ignored/>
  </testcase> <!-- verify_Registering_With_Space_Field -->
  <testcase classname="com.tutorialsninja.qa.testCases.TestLogin" name="verify_login_Without_Credentials" time="0.0">
    <ignored/>
  </testcase> <!-- verify_login_Without_Credentials -->
  <testcase classname="com.tutorialsninja.qa.testCases.TestRegister" name="verify_Registering_Newsletter_NO" time="0.0">
    <ignored/>
  </testcase> <!-- verify_Registering_Newsletter_NO -->
  <testcase classname="com.tutorialsninja.qa.testCases.TestLogin" name="verify_login_With_Valid_userName_invalid_password" time="0.0">
    <ignored/>
  </testcase> <!-- verify_login_With_Valid_userName_invalid_password -->
  <testcase classname="com.tutorialsninja.qa.testCases.TestLogin" name="verify_login_With_Valid_Credential_BrowserBack" time="0.0">
    <ignored/>
  </testcase> <!-- verify_login_With_Valid_Credential_BrowserBack -->
  <testcase classname="com.tutorialsninja.qa.testCases.TestRegister" name="verify_Registering_By_Different_Pass_con_pass" time="0.0">
    <ignored/>
  </testcase> <!-- verify_Registering_By_Different_Pass_con_pass -->
  <testcase classname="com.tutorialsninja.qa.testCases.TestLogin" name="verify_login_after_Changing_Password" time="0.0">
    <ignored/>
  </testcase> <!-- verify_login_after_Changing_Password -->
  <testcase classname="com.tutorialsninja.qa.testCases.TestRegister" name="verify_Registering_By_Existing_Account" time="0.0">
    <ignored/>
  </testcase> <!-- verify_Registering_By_Existing_Account -->
  <testcase classname="com.tutorialsninja.qa.testCases.TestLogout" name="verify_Logout_AfterLogout_FromOneAccount_AnotherAccount" time="0.0">
    <ignored/>
  </testcase> <!-- verify_Logout_AfterLogout_FromOneAccount_AnotherAccount -->
  <testcase classname="com.tutorialsninja.qa.testCases.TestLogin" name="verify_login_With_InValid_Credential" time="0.0">
    <ignored/>
  </testcase> <!-- verify_login_With_InValid_Credential -->
  <testcase classname="com.tutorialsninja.qa.testCases.TestLogin" name="verify_login_able_to_navigate_to_otherPages" time="0.0">
    <ignored/>
  </testcase> <!-- verify_login_able_to_navigate_to_otherPages -->
  <testcase classname="com.tutorialsninja.qa.testCases.TestLogin" name="verify_login_after_Changing_Password_and_Changing_toOriginal_password" time="0.0">
    <ignored/>
  </testcase> <!-- verify_login_after_Changing_Password_and_Changing_toOriginal_password -->
  <testcase classname="com.tutorialsninja.qa.testCases.TestLogout" name="verify_Logout_Option_NotDisplayed_BeforeLogin_Account_Drodown" time="0.0">
    <ignored/>
  </testcase> <!-- verify_Logout_Option_NotDisplayed_BeforeLogin_Account_Drodown -->
  <testcase classname="com.tutorialsninja.qa.testCases.TestForgetPassword" name="verify_forgetPassword_With_nonRegistered_Account" time="0.0">
    <ignored/>
  </testcase> <!-- verify_forgetPassword_With_nonRegistered_Account -->
  <testcase classname="com.tutorialsninja.qa.testCases.TestLogout" name="verify_Logout_By_LoggingOut_And_BrowsingBack" time="0.0">
    <ignored/>
  </testcase> <!-- verify_Logout_By_LoggingOut_And_BrowsingBack -->
  <testcase classname="com.tutorialsninja.qa.testCases.TestLogin" name="verify_login_afterLogin_browserBack" time="0.0">
    <ignored/>
  </testcase> <!-- verify_login_afterLogin_browserBack -->
  <testcase classname="com.tutorialsninja.qa.testCases.TestLogout" name="verify_Logout_By_LoggingOut_From_LogoutOption_OnPage" time="0.0">
    <ignored/>
  </testcase> <!-- verify_Logout_By_LoggingOut_From_LogoutOption_OnPage -->
  <testcase classname="com.tutorialsninja.qa.testCases.TestRegister" name="verify_Notification_BY_NotProviding_All_Fileds_BySubmiting" time="0.0">
    <ignored/>
  </testcase> <!-- verify_Notification_BY_NotProviding_All_Fileds_BySubmiting -->
  <testcase classname="com.tutorialsninja.qa.testCases.TestRegister" name="verify_Registering_Newsletter_YES" time="0.0">
    <ignored/>
  </testcase> <!-- verify_Registering_Newsletter_YES -->
  <testcase classname="com.tutorialsninja.qa.testCases.TestRegister" name="verify_Registering_enterPassword_WithoutConfirmPassword" time="0.0">
    <ignored/>
  </testcase> <!-- verify_Registering_enterPassword_WithoutConfirmPassword -->
</testsuite> <!-- smoke Test cases -->
