<?xml version="1.0" encoding="UTF-8"?>
<testng-results ignored="13" total="23" passed="10" failed="0" skipped="0">
  <reporter-output>
  </reporter-output>
  <suite started-at="2023-02-16T17:56:15 IST" name="Default suite" finished-at="2023-02-16T17:57:52 IST" duration-ms="96538">
    <groups>
    </groups>
    <test started-at="2023-02-16T17:56:15 IST" name="Default test" finished-at="2023-02-16T17:57:52 IST" duration-ms="96538">
      <class name="com.tutorialsninja.qa.testCases.TestLogin">
        <test-method is-config="true" signature="initilization()[pri:0, instance:com.tutorialsninja.qa.testCases.TestLogin@4f83df68]" started-at="2023-02-16T17:56:15 IST" name="initilization" finished-at="2023-02-16T17:56:24 IST" duration-ms="8640" status="PASS">
          <reporter-output>
          </reporter-output>
        </test-method> <!-- initilization -->
        <test-method signature="verify_login_MultipleTime_Unsuccessful_attempt()[pri:11, instance:com.tutorialsninja.qa.testCases.TestLogin@4f83df68]" started-at="2023-02-16T17:56:24 IST" name="verify_login_MultipleTime_Unsuccessful_attempt" finished-at="2023-02-16T17:56:26 IST" duration-ms="2130" status="PASS">
          <reporter-output>
          </reporter-output>
        </test-method> <!-- verify_login_MultipleTime_Unsuccessful_attempt -->
        <test-method is-config="true" signature="tearDown()[pri:0, instance:com.tutorialsninja.qa.testCases.TestLogin@4f83df68]" started-at="2023-02-16T17:56:26 IST" name="tearDown" finished-at="2023-02-16T17:56:27 IST" duration-ms="465" status="PASS">
          <reporter-output>
          </reporter-output>
        </test-method> <!-- tearDown -->
        <test-method is-config="true" signature="initilization()[pri:0, instance:com.tutorialsninja.qa.testCases.TestLogin@4f83df68]" started-at="2023-02-16T17:56:27 IST" name="initilization" finished-at="2023-02-16T17:56:32 IST" duration-ms="5409" status="PASS">
          <reporter-output>
          </reporter-output>
        </test-method> <!-- initilization -->
        <test-method signature="verify_login_MultipleTime_Unsuccessful_attempt()[pri:11, instance:com.tutorialsninja.qa.testCases.TestLogin@4f83df68]" started-at="2023-02-16T17:56:32 IST" name="verify_login_MultipleTime_Unsuccessful_attempt" finished-at="2023-02-16T17:56:34 IST" duration-ms="1668" status="PASS">
          <reporter-output>
          </reporter-output>
        </test-method> <!-- verify_login_MultipleTime_Unsuccessful_attempt -->
        <test-method is-config="true" signature="tearDown()[pri:0, instance:com.tutorialsninja.qa.testCases.TestLogin@4f83df68]" started-at="2023-02-16T17:56:34 IST" name="tearDown" finished-at="2023-02-16T17:56:34 IST" duration-ms="315" status="PASS">
          <reporter-output>
          </reporter-output>
        </test-method> <!-- tearDown -->
        <test-method is-config="true" signature="initilization()[pri:0, instance:com.tutorialsninja.qa.testCases.TestLogin@4f83df68]" started-at="2023-02-16T17:56:34 IST" name="initilization" finished-at="2023-02-16T17:56:39 IST" duration-ms="5215" status="PASS">
          <reporter-output>
          </reporter-output>
        </test-method> <!-- initilization -->
        <test-method signature="verify_login_MultipleTime_Unsuccessful_attempt()[pri:11, instance:com.tutorialsninja.qa.testCases.TestLogin@4f83df68]" started-at="2023-02-16T17:56:39 IST" name="verify_login_MultipleTime_Unsuccessful_attempt" finished-at="2023-02-16T17:56:42 IST" duration-ms="2882" status="PASS">
          <reporter-output>
          </reporter-output>
        </test-method> <!-- verify_login_MultipleTime_Unsuccessful_attempt -->
        <test-method is-config="true" signature="tearDown()[pri:0, instance:com.tutorialsninja.qa.testCases.TestLogin@4f83df68]" started-at="2023-02-16T17:56:42 IST" name="tearDown" finished-at="2023-02-16T17:56:43 IST" duration-ms="403" status="PASS">
          <reporter-output>
          </reporter-output>
        </test-method> <!-- tearDown -->
        <test-method is-config="true" signature="initilization()[pri:0, instance:com.tutorialsninja.qa.testCases.TestLogin@4f83df68]" started-at="2023-02-16T17:56:43 IST" name="initilization" finished-at="2023-02-16T17:56:48 IST" duration-ms="5275" status="PASS">
          <reporter-output>
          </reporter-output>
        </test-method> <!-- initilization -->
        <test-method signature="verify_login_MultipleTime_Unsuccessful_attempt()[pri:11, instance:com.tutorialsninja.qa.testCases.TestLogin@4f83df68]" started-at="2023-02-16T17:56:48 IST" name="verify_login_MultipleTime_Unsuccessful_attempt" finished-at="2023-02-16T17:56:51 IST" duration-ms="3116" status="PASS">
          <reporter-output>
          </reporter-output>
        </test-method> <!-- verify_login_MultipleTime_Unsuccessful_attempt -->
        <test-method is-config="true" signature="tearDown()[pri:0, instance:com.tutorialsninja.qa.testCases.TestLogin@4f83df68]" started-at="2023-02-16T17:56:51 IST" name="tearDown" finished-at="2023-02-16T17:56:51 IST" duration-ms="547" status="PASS">
          <reporter-output>
          </reporter-output>
        </test-method> <!-- tearDown -->
        <test-method is-config="true" signature="initilization()[pri:0, instance:com.tutorialsninja.qa.testCases.TestLogin@4f83df68]" started-at="2023-02-16T17:56:51 IST" name="initilization" finished-at="2023-02-16T17:56:57 IST" duration-ms="5564" status="PASS">
          <reporter-output>
          </reporter-output>
        </test-method> <!-- initilization -->
        <test-method signature="verify_login_MultipleTime_Unsuccessful_attempt()[pri:11, instance:com.tutorialsninja.qa.testCases.TestLogin@4f83df68]" started-at="2023-02-16T17:56:57 IST" name="verify_login_MultipleTime_Unsuccessful_attempt" finished-at="2023-02-16T17:56:59 IST" duration-ms="1693" status="PASS">
          <reporter-output>
          </reporter-output>
        </test-method> <!-- verify_login_MultipleTime_Unsuccessful_attempt -->
        <test-method is-config="true" signature="tearDown()[pri:0, instance:com.tutorialsninja.qa.testCases.TestLogin@4f83df68]" started-at="2023-02-16T17:56:59 IST" name="tearDown" finished-at="2023-02-16T17:56:59 IST" duration-ms="376" status="PASS">
          <reporter-output>
          </reporter-output>
        </test-method> <!-- tearDown -->
        <test-method is-config="true" signature="initilization()[pri:0, instance:com.tutorialsninja.qa.testCases.TestLogin@4f83df68]" started-at="2023-02-16T17:56:59 IST" name="initilization" finished-at="2023-02-16T17:57:04 IST" duration-ms="5212" status="PASS">
          <reporter-output>
          </reporter-output>
        </test-method> <!-- initilization -->
        <test-method signature="verify_login_MultipleTime_Unsuccessful_attempt()[pri:11, instance:com.tutorialsninja.qa.testCases.TestLogin@4f83df68]" started-at="2023-02-16T17:57:04 IST" name="verify_login_MultipleTime_Unsuccessful_attempt" finished-at="2023-02-16T17:57:09 IST" duration-ms="4306" status="PASS">
          <reporter-output>
          </reporter-output>
        </test-method> <!-- verify_login_MultipleTime_Unsuccessful_attempt -->
        <test-method is-config="true" signature="tearDown()[pri:0, instance:com.tutorialsninja.qa.testCases.TestLogin@4f83df68]" started-at="2023-02-16T17:57:09 IST" name="tearDown" finished-at="2023-02-16T17:57:09 IST" duration-ms="444" status="PASS">
          <reporter-output>
          </reporter-output>
        </test-method> <!-- tearDown -->
        <test-method is-config="true" signature="initilization()[pri:0, instance:com.tutorialsninja.qa.testCases.TestLogin@4f83df68]" started-at="2023-02-16T17:57:09 IST" name="initilization" finished-at="2023-02-16T17:57:17 IST" duration-ms="8041" status="PASS">
          <reporter-output>
          </reporter-output>
        </test-method> <!-- initilization -->
        <test-method signature="verify_login_MultipleTime_Unsuccessful_attempt()[pri:11, instance:com.tutorialsninja.qa.testCases.TestLogin@4f83df68]" started-at="2023-02-16T17:57:17 IST" name="verify_login_MultipleTime_Unsuccessful_attempt" finished-at="2023-02-16T17:57:20 IST" duration-ms="2711" status="PASS">
          <reporter-output>
          </reporter-output>
        </test-method> <!-- verify_login_MultipleTime_Unsuccessful_attempt -->
        <test-method is-config="true" signature="tearDown()[pri:0, instance:com.tutorialsninja.qa.testCases.TestLogin@4f83df68]" started-at="2023-02-16T17:57:20 IST" name="tearDown" finished-at="2023-02-16T17:57:20 IST" duration-ms="351" status="PASS">
          <reporter-output>
          </reporter-output>
        </test-method> <!-- tearDown -->
        <test-method is-config="true" signature="initilization()[pri:0, instance:com.tutorialsninja.qa.testCases.TestLogin@4f83df68]" started-at="2023-02-16T17:57:20 IST" name="initilization" finished-at="2023-02-16T17:57:34 IST" duration-ms="13546" status="PASS">
          <reporter-output>
          </reporter-output>
        </test-method> <!-- initilization -->
        <test-method signature="verify_login_MultipleTime_Unsuccessful_attempt()[pri:11, instance:com.tutorialsninja.qa.testCases.TestLogin@4f83df68]" started-at="2023-02-16T17:57:34 IST" name="verify_login_MultipleTime_Unsuccessful_attempt" finished-at="2023-02-16T17:57:36 IST" duration-ms="2570" status="PASS">
          <reporter-output>
          </reporter-output>
        </test-method> <!-- verify_login_MultipleTime_Unsuccessful_attempt -->
        <test-method is-config="true" signature="tearDown()[pri:0, instance:com.tutorialsninja.qa.testCases.TestLogin@4f83df68]" started-at="2023-02-16T17:57:36 IST" name="tearDown" finished-at="2023-02-16T17:57:37 IST" duration-ms="193" status="PASS">
          <reporter-output>
          </reporter-output>
        </test-method> <!-- tearDown -->
        <test-method is-config="true" signature="initilization()[pri:0, instance:com.tutorialsninja.qa.testCases.TestLogin@4f83df68]" started-at="2023-02-16T17:57:37 IST" name="initilization" finished-at="2023-02-16T17:57:42 IST" duration-ms="5333" status="PASS">
          <reporter-output>
          </reporter-output>
        </test-method> <!-- initilization -->
        <test-method signature="verify_login_MultipleTime_Unsuccessful_attempt()[pri:11, instance:com.tutorialsninja.qa.testCases.TestLogin@4f83df68]" started-at="2023-02-16T17:57:42 IST" name="verify_login_MultipleTime_Unsuccessful_attempt" finished-at="2023-02-16T17:57:44 IST" duration-ms="1881" status="PASS">
          <reporter-output>
          </reporter-output>
        </test-method> <!-- verify_login_MultipleTime_Unsuccessful_attempt -->
        <test-method is-config="true" signature="tearDown()[pri:0, instance:com.tutorialsninja.qa.testCases.TestLogin@4f83df68]" started-at="2023-02-16T17:57:44 IST" name="tearDown" finished-at="2023-02-16T17:57:44 IST" duration-ms="551" status="PASS">
          <reporter-output>
          </reporter-output>
        </test-method> <!-- tearDown -->
        <test-method is-config="true" signature="initilization()[pri:0, instance:com.tutorialsninja.qa.testCases.TestLogin@4f83df68]" started-at="2023-02-16T17:57:44 IST" name="initilization" finished-at="2023-02-16T17:57:50 IST" duration-ms="5234" status="PASS">
          <reporter-output>
          </reporter-output>
        </test-method> <!-- initilization -->
        <test-method signature="verify_login_MultipleTime_Unsuccessful_attempt()[pri:11, instance:com.tutorialsninja.qa.testCases.TestLogin@4f83df68]" started-at="2023-02-16T17:57:50 IST" name="verify_login_MultipleTime_Unsuccessful_attempt" finished-at="2023-02-16T17:57:51 IST" duration-ms="1965" status="PASS">
          <reporter-output>
          </reporter-output>
        </test-method> <!-- verify_login_MultipleTime_Unsuccessful_attempt -->
        <test-method is-config="true" signature="tearDown()[pri:0, instance:com.tutorialsninja.qa.testCases.TestLogin@4f83df68]" started-at="2023-02-16T17:57:52 IST" name="tearDown" finished-at="2023-02-16T17:57:52 IST" duration-ms="253" status="PASS">
          <reporter-output>
          </reporter-output>
        </test-method> <!-- tearDown -->
      </class> <!-- com.tutorialsninja.qa.testCases.TestLogin -->
    </test> <!-- Default test -->
  </suite> <!-- Default suite -->
</testng-results>
